
// ==========================================================================
//  GPPG error listing for yacc source file <..\GeneratorInputFiles\tranche.y>
// ==========================================================================
//  Version:  1.4.0
//  Machine:  VOSTRO
//  DateTime: 2/4/2012 10:37:46 AM
//  UserName: Tim
// ==========================================================================


%namespace SyntaxAnalysis
%visibility internal

%using LexicalAnalysis;
%using AbstractSyntaxTree;
%using AbstractSyntaxTree.InternalTypes;
%using tc;

%start program
%YYSTYPE SemanticValue

/* Terminals */
%token<Token> SETTINGS DEAL COLLATERAL COLLATERALITEM SECURITIES BOND CREDITPAYMENTRULES SIMULATION RULES
%token<Token> RPAREN LBRACE RBRACE RBRACKET PBRACKET DOT DOTDOT COMMA IN TINT TREAL SEMI INTEREST
%token<Token> TSTRING TBOOL TVOID TCHAR TFILE TSET TLIST FOR IF ELSE CLASS AUTOPROP PRINCIPAL RULE
%token<Token> NEW RETURN TRUE FALSE LITERAL_INT LITERAL_REAL LITERAL_STRING LITERAL_CHAR IDENTIFIER

/* Precedence rules */
%right ASSIGN
%left OR AND INCREMENT DECREMENT EXP
%left SMALLER GREATER SMEQ GTEQ EQ NEQ
%left PLUS MINUS TIMES DIVIDE MOD
%left UMINUS LPAREN NOT LBRACKET
%nonassoc ELSE

/* Non-terminals, generic */
%type<Prog> program
%type<StatementList> statementList 
%type<Statement> statement 
%type<Expression> expression literal compExpression
%type<ExpressionList> onePlusActuals actuals

/* Non-terminals, tranche-specific */
%type<Settings> settingsOpt
%type<Deal> dealOpt
%type<Collateral> collateralSection
%type<CollateralItem> collListOpt
%type<Securities> securitySection
%type<Simulation> simulationSection
%type<Rule> rulesListOpt
%type<Bond> secListOpt
%type<CreditPaymentRules> creditRulesOpt
%type<InterestRules> interestRules
%type<PrincipalRules> principalRules

%%

/* Non-terminal types */
program			: settingsOpt dealOpt collateralSection securitySection	creditRulesOpt simulationSection { $$ = new Prog($1, $2, $3, $4, $5, $6); SyntaxTreeRoot = $$; $$.Location = CurrentLocationSpan; }
				;

settingsOpt		:										{ $$ = new Settings(); $$.Location = CurrentLocationSpan; }
				| SETTINGS LBRACE statementList RBRACE	{ $$ = new Settings($3);  }
				;

dealOpt			:										{ $$ = new Deal(); $$.Location = CurrentLocationSpan; }
				| DEAL LBRACE statementList RBRACE		{ $$ = new Deal($3); $$.Location = CurrentLocationSpan; }
				;

statementList	:										{ $$ = new StatementList(); $$.Location = CurrentLocationSpan; }
				| statement statementList				{ $$ = new StatementList($1, $2); $$.Location = CurrentLocationSpan; }
				;

statement		: SEMI
				| IDENTIFIER SEMI							{ $$ = new StatementVariable(CurrentLocationSpan, $1.Value); $$.Location = CurrentLocationSpan; }
				| IDENTIFIER ASSIGN expression			{ $$ = new StatementVariable(CurrentLocationSpan, $1.Value, $3); $$.Location = CurrentLocationSpan; }
				| LBRACE statementList RBRACE			{ $$ = new Block($2); $$.Location = CurrentLocationSpan; }
				| IF LPAREN expression RPAREN statement			{ $$ = new IfThen($3, $5); $$.Location = CurrentLocationSpan; }
				/*| IF LPAREN expression RPAREN statement ELSE statement  { $$ = new IfThenElse($3, $5, $7); $$.Location = CurrentLocationSpan; }*/
				| expression							{ $$ = new StatementExpression($1); $$.Location = CurrentLocationSpan; }
				;

collateralSection	: COLLATERAL LBRACE collListOpt RBRACE	{ $$ = new Collateral($3); $$.Location = CurrentLocationSpan; }
					;

securitySection : SECURITIES LBRACE secListOpt RBRACE		{ $$ = new Securities($3); $$.Location = CurrentLocationSpan; }
				;

creditRulesOpt	:																{ $$ = new CreditPaymentRules(); $$.Location = CurrentLocationSpan; }
				| CREDITPAYMENTRULES LBRACE interestRules principalRules RBRACE	{ $$ = new CreditPaymentRules($3,$4); $$.Location = CurrentLocationSpan; }
				;

interestRules	: INTEREST LBRACE rulesListOpt RBRACE	{ $$ = new InterestRules($3); $$.Location = CurrentLocationSpan; }
				;

principalRules	: PRINCIPAL LBRACE rulesListOpt RBRACE	{ $$ =  new PrincipalRules($3); $$.Location = CurrentLocationSpan; }
				;

rulesListOpt	: RULE compExpression						{ $$ = new InternalRule(CurrentLocationSpan, $2); $$.Location = CurrentLocationSpan; }
				| RULE compExpression OR rulesListOpt		{ $$ = new InternalRule(CurrentLocationSpan, $2, $3, $4); $$.Location = CurrentLocationSpan; }
				| RULE compExpression AND rulesListOpt		{ $$ = new InternalRule(CurrentLocationSpan, $2, $3, $4); $$.Location = CurrentLocationSpan; }
				;

simulationSection	: SIMULATION LBRACE rulesList RBRACE	{ $$ = new Simulation($3); $$.Location = CurrentLocationSpan; }
					;

collListOpt		:															{ $$ = new CollateralItem(); $$.Location = CurrentLocationSpan; }
				| COLLATERALITEM LBRACE statementList RBRACE collListOpt	{ $$ = new CollateralItem($3, $5); $$.Location = CurrentLocationSpan; }
				;

secListOpt		:												{ $$ = new Bond(); $$.Location = CurrentLocationSpan; }
				| BOND LBRACE statementList RBRACE secListOpt	{ $$ = new Bond($3, $5); $$.Location = CurrentLocationSpan; }
				;

rulesList		: RULES LBRACE statementList RBRACE		{ $$ = new Rules($3); $$.Location = CurrentLocationSpan; }
				;

expression		: IDENTIFIER LPAREN actuals RPAREN		{ $$ = new Invoke($1.Value, $3); $$.Location = CurrentLocationSpan; } 
				| literal								{ $$ = $1; $$.Location = CurrentLocationSpan; }
				| compExpression						{ $$ = $1; $$.Location = CurrentLocationSpan; }

compExpression	: expression EQ expression				{ $$ = new Equal($1, $3); $$.Location = CurrentLocationSpan; }
//^^^^^^^^^^^^
// Error: Syntax error, unexpected anchoredSymbol
// ----------------------------------------------
				;
/*				| expression NEQ expression				{;}
				| expression SMEQ expression			{;}
				| expression GTEQ expression			{;}
				| expression GREATER expression			{;}
				| expression SMALLER expression			{;}
				;
				*/
actuals			:					{ $$ = new ExpressionList(); $$.Location = CurrentLocationSpan; }
				| onePlusActuals	{ $$ = $1; $$.Location = CurrentLocationSpan; }
				;

onePlusActuals	: expression		{ $$ = new ExpressionList($1, new ExpressionList()); $$.Location = CurrentLocationSpan; }
				;

literal			: LITERAL_INT		{ $$ = new IntegerLiteral(Int32.Parse($1.Value.ToString().Replace(",",""))); $$.Location = CurrentLocationSpan; } 
				| LITERAL_REAL		{ $$ = new RealLiteral(Double.Parse($1.Value.ToString().Replace(",",""))); $$.Location = CurrentLocationSpan; }
				| LITERAL_STRING	{ $$ = new StringLiteral($1.Value); $$.Location = CurrentLocationSpan; }
				| TRUE				{ $$ = new BooleanLiteral(true); $$.Location = CurrentLocationSpan; }
				| FALSE				{ $$ = new BooleanLiteral(false); $$.Location = CurrentLocationSpan; }
				;

%%

public Prog SyntaxTreeRoot { get; set; }

public Parser(Scanner scan) : base(scan)
{
}
// ==========================================================================

